<?xml version="1.0" encoding="UTF-8"?>
<!-- Generated by org.testng.reporters.JUnitXMLReporter -->
<testsuite hostname="DESKTOP-ISU8479" name="Amazon Test" tests="3" failures="0" timestamp="16 Aug 2019 01:58:33 GMT" time="31.334" errors="0">
  <testcase name="loginWithValidCredentials" time="4.493" classname="com.amazon.tests.PurchaseItemTest"/>
  <testcase name="searchItem" time="0.0" classname="com.amazon.tests.PurchaseItemTest"/>
  <testcase name="purchaseSearchedItem" time="0.001" classname="com.amazon.tests.PurchaseItemTest"/>
</testsuite> <!-- Amazon Test -->
